TN:
SF:src/AccessManager.sol
FN:41,AccessManager.excludedCountriesUpdated
FNDA:13,AccessManager.excludedCountriesUpdated
DA:43,13
BRDA:43,0,0,1
BRDA:43,0,1,12
DA:45,12
FN:51,AccessManager._verifyAccess
FNDA:313,AccessManager._verifyAccess
DA:53,313
DA:55,313
FN:61,AccessManager.grantAccess
FNDA:313,AccessManager.grantAccess
DA:63,313
BRDA:63,1,0,-
BRDA:63,1,1,313
DA:65,313
DA:67,313
FN:74,AccessManager.walletHasAccess
FNDA:1011,AccessManager.walletHasAccess
DA:76,1011
FNF:4
FNH:4
LF:8
LH:8
BRF:4
BRH:3
end_of_record
TN:
SF:src/ExchangeConfig.sol
FN:48,ExchangeConfig.setContracts
FNDA:81,ExchangeConfig.setContracts
DA:51,81
BRDA:51,0,0,1
BRDA:51,0,1,80
DA:53,80
DA:54,80
DA:55,80
DA:56,80
DA:57,80
DA:58,80
FN:62,ExchangeConfig.setAccessManager
FNDA:83,ExchangeConfig.setAccessManager
DA:64,82
BRDA:64,1,0,1
BRDA:64,1,1,81
DA:66,81
DA:68,81
FN:74,ExchangeConfig.walletHasAccess
FNDA:805,ExchangeConfig.walletHasAccess
DA:77,805
BRDA:77,2,0,51
BRDA:77,2,1,754
DA:78,51
DA:81,754
BRDA:81,3,0,8
BRDA:81,3,1,746
DA:82,8
DA:84,746
FNF:3
FNH:3
LF:15
LH:15
BRF:8
BRH:8
end_of_record
TN:
SF:src/ManagedWallet.sol
FN:42,ManagedWallet.proposeWallets
FNDA:12,ManagedWallet.proposeWallets
DA:44,12
BRDA:44,0,0,2
BRDA:44,0,1,10
DA:45,10
BRDA:45,1,0,1
BRDA:45,1,1,9
DA:46,9
BRDA:46,2,0,1
BRDA:46,2,1,8
DA:49,8
BRDA:49,3,0,1
BRDA:49,3,1,7
DA:51,7
DA:52,7
DA:54,7
FN:73,ManagedWallet.changeWallets
FNDA:6,ManagedWallet.changeWallets
DA:76,6
BRDA:76,4,0,3
BRDA:76,4,1,3
DA:77,3
BRDA:77,5,0,1
BRDA:77,5,1,2
DA:80,2
DA:81,2
DA:83,2
DA:86,2
DA:87,2
DA:88,2
FNF:2
FNH:2
LF:15
LH:15
BRF:12
BRH:12
end_of_record
TN:
SF:src/Salt.sol
FN:25,Salt.burnTokensInContract
FNDA:38,Salt.burnTokensInContract
DA:27,38
DA:28,38
DA:30,38
FN:35,Salt.totalBurned
FNDA:18,Salt.totalBurned
DA:37,18
FNF:2
FNH:2
LF:4
LH:4
BRF:0
BRH:0
end_of_record
TN:
SF:src/SigningTools.sol
FN:11,SigningTools._verifySignature
FNDA:313,SigningTools._verifySignature
DA:13,313
BRDA:13,0,0,-
BRDA:13,0,1,313
DA:15,313
DA:16,313
DA:17,313
DA:21,313
DA:22,313
DA:23,313
DA:26,313
DA:28,313
FNF:1
FNH:1
LF:9
LH:9
BRF:2
BRH:1
end_of_record
TN:
SF:src/Upkeep.sol
FN:112,Upkeep.step1
FNDA:19,Upkeep.step1
DA:113,18
FN:117,Upkeep.step2
FNDA:22,Upkeep.step2
DA:118,22
DA:121,22
BRDA:121,0,0,9
BRDA:121,0,1,13
DA:124,13
DA:128,13
FN:132,Upkeep._formPOL
FNDA:23,Upkeep._formPOL
DA:137,23
DA:140,23
DA:147,22
DA:156,21
DA:157,21
DA:160,21
FN:164,Upkeep.step3
FNDA:21,Upkeep.step3
DA:165,21
DA:166,21
BRDA:166,1,0,9
BRDA:166,1,1,12
DA:169,12
DA:171,12
FN:175,Upkeep.step4
FNDA:20,Upkeep.step4
DA:176,20
DA:177,20
BRDA:177,2,0,9
BRDA:177,2,1,11
DA:180,11
DA:182,11
FN:186,Upkeep.step5
FNDA:19,Upkeep.step5
DA:187,19
DA:188,19
BRDA:188,3,0,9
BRDA:188,3,1,10
DA:191,10
DA:198,10
FN:202,Upkeep.step6
FNDA:19,Upkeep.step6
DA:203,19
DA:204,19
DA:206,19
FN:210,Upkeep.step7
FNDA:18,Upkeep.step7
DA:211,18
DA:213,18
DA:214,18
DA:215,18
FN:219,Upkeep.step8
FNDA:18,Upkeep.step8
DA:220,18
DA:223,18
DA:224,18
DA:228,18
FN:232,Upkeep.step9
FNDA:19,Upkeep.step9
DA:233,19
FN:237,Upkeep.step10
FNDA:20,Upkeep.step10
DA:238,20
FN:244,Upkeep.step11
FNDA:19,Upkeep.step11
DA:245,19
DA:250,19
DA:254,19
FN:262,Upkeep.performUpkeep
FNDA:17,Upkeep.performUpkeep
DA:264,17
DA:268,17
DA:272,17
DA:276,17
DA:280,17
DA:284,17
DA:288,17
DA:292,17
DA:296,17
DA:300,17
DA:304,17
FN:312,Upkeep.currentRewardsForCallingPerformUpkeep
FNDA:3,Upkeep.currentRewardsForCallingPerformUpkeep
DA:317,3
DA:319,3
FNF:14
FNH:14
LF:52
LH:52
BRF:8
BRH:8
end_of_record
TN:
SF:src/arbitrage/ArbitrageSearch.sol
FN:31,ArbitrageSearch._arbitragePath
FNDA:437,ArbitrageSearch._arbitragePath
DA:35,437
BRDA:35,0,0,8
BRDA:35,0,1,12
DA:36,20
BRDA:36,1,0,8
BRDA:36,1,1,12
DA:37,8
DA:41,429
BRDA:41,2,0,37
BRDA:41,2,1,132
DA:42,169
BRDA:42,3,0,37
BRDA:42,3,1,132
DA:43,37
DA:47,392
BRDA:47,4,0,132
BRDA:47,4,1,260
DA:48,132
DA:52,260
BRDA:52,5,0,115
BRDA:52,5,1,145
DA:53,115
DA:57,145
FN:63,ArbitrageSearch._rightMoreProfitable
FNDA:2936,ArbitrageSearch._rightMoreProfitable
DA:68,2936
DA:69,2936
DA:70,2936
DA:72,2936
DA:75,2936
BRDA:75,6,0,546
BRDA:75,6,1,2390
DA:76,546
DA:80,2390
DA:82,2390
DA:83,2390
DA:84,2390
DA:86,2390
DA:88,2390
FN:101,ArbitrageSearch._bisectionSearch
FNDA:437,ArbitrageSearch._bisectionSearch
DA:107,437
BRDA:107,7,0,70
BRDA:107,7,1,367
DA:108,70
DA:111,367
DA:112,367
DA:115,367
DA:117,2936
DA:120,2936
BRDA:120,8,0,1198
BRDA:120,8,1,1738
DA:121,1198
DA:123,1738
DA:126,367
DA:129,367
DA:130,367
DA:131,367
DA:133,367
BRDA:133,9,0,44
BRDA:133,9,1,323
DA:134,44
FNF:3
FNH:3
LF:38
LH:38
BRF:20
BRH:20
end_of_record
TN:
SF:src/dao/DAO.sol
FN:113,DAO._finalizeParameterBallot
FNDA:81,DAO._finalizeParameterBallot
DA:115,81
DA:117,81
DA:119,81
BRDA:119,0,0,-
BRDA:119,0,1,28
DA:120,28
DA:121,53
BRDA:121,1,0,-
BRDA:121,1,1,26
DA:122,26
DA:125,81
DA:127,81
FN:131,DAO._executeSetContract
FNDA:4,DAO._executeSetContract
DA:133,4
DA:135,4
BRDA:135,2,0,-
BRDA:135,2,1,1
DA:136,1
DA:137,3
BRDA:137,3,0,-
BRDA:137,3,1,1
DA:138,1
DA:139,2
BRDA:139,4,0,-
BRDA:139,4,1,1
DA:140,1
DA:141,1
BRDA:141,5,0,-
BRDA:141,5,1,1
DA:142,1
DA:144,4
FN:148,DAO._executeSetWebsiteURL
FNDA:1,DAO._executeSetWebsiteURL
DA:150,1
DA:151,1
FN:155,DAO._executeApproval
FNDA:24,DAO._executeApproval
DA:157,24
BRDA:157,6,0,-
BRDA:157,6,1,1
DA:160,1
DA:161,1
DA:163,1
DA:166,23
BRDA:166,7,0,-
BRDA:166,7,1,1
DA:170,1
BRDA:170,8,0,-
BRDA:170,8,1,1
DA:172,1
DA:174,1
DA:178,22
BRDA:178,9,0,-
BRDA:178,9,1,1
DA:180,1
DA:182,1
DA:185,21
BRDA:185,10,0,-
BRDA:185,10,1,1
DA:187,1
DA:189,1
DA:192,20
BRDA:192,11,0,-
BRDA:192,11,1,3
DA:194,3
DA:197,3
DA:199,3
DA:203,17
BRDA:203,12,0,-
BRDA:203,12,1,10
DA:204,10
DA:207,7
BRDA:207,13,0,-
BRDA:207,13,1,2
DA:208,2
DA:210,5
BRDA:210,14,0,4
BRDA:210,14,1,1
DA:211,4
DA:213,1
BRDA:213,15,0,1
BRDA:213,15,1,1
DA:214,1
FN:219,DAO._finalizeApprovalBallot
FNDA:44,DAO._finalizeApprovalBallot
DA:221,44
BRDA:221,16,0,-
BRDA:221,16,1,24
DA:223,24
DA:224,24
DA:227,44
FN:235,DAO._finalizeTokenWhitelisting
FNDA:6,DAO._finalizeTokenWhitelisting
DA:237,6
BRDA:237,17,0,-
BRDA:237,17,1,4
DA:240,5
DA:242,5
DA:246,5
DA:247,5
BRDA:247,18,0,1
BRDA:247,18,1,4
DA:250,4
DA:251,4
BRDA:251,19,0,-
BRDA:251,19,1,4
DA:254,4
DA:255,4
DA:257,4
DA:258,4
DA:261,4
DA:262,4
DA:263,4
DA:265,4
DA:266,4
DA:268,4
DA:272,5
FN:278,DAO.finalizeBallot
FNDA:137,DAO.finalizeBallot
DA:281,137
BRDA:281,20,0,6
BRDA:281,20,1,131
DA:283,131
DA:285,131
BRDA:285,21,0,81
BRDA:285,21,1,50
DA:286,81
DA:287,50
BRDA:287,22,0,6
BRDA:287,22,1,44
DA:288,6
DA:290,44
FN:295,DAO.withdrawArbitrageProfits
FNDA:34,DAO.withdrawArbitrageProfits
DA:297,34
BRDA:297,23,0,1
BRDA:297,23,1,33
DA:300,33
DA:301,33
BRDA:301,24,0,9
BRDA:301,24,1,24
DA:302,9
DA:304,24
DA:307,24
DA:308,24
DA:310,24
FN:316,DAO.formPOL
FNDA:50,DAO.formPOL
DA:318,50
BRDA:318,25,0,2
BRDA:318,25,1,48
DA:321,48
DA:323,48
FN:327,DAO.processRewardsFromPOL
FNDA:30,DAO.processRewardsFromPOL
DA:329,30
BRDA:329,26,0,1
BRDA:329,26,1,29
DA:332,29
DA:333,29
DA:334,29
DA:336,29
DA:337,29
BRDA:337,27,0,11
BRDA:337,27,1,18
DA:338,11
DA:341,18
DA:342,18
DA:343,18
DA:345,18
DA:348,18
DA:350,18
DA:351,18
DA:353,18
FN:360,DAO.withdrawPOL
FNDA:21,DAO.withdrawPOL
DA:362,21
BRDA:362,28,0,1
BRDA:362,28,1,20
DA:364,20
DA:365,20
DA:366,20
BRDA:366,29,0,10
BRDA:366,29,1,10
DA:367,10
DA:369,10
DA:372,10
DA:375,10
DA:376,10
DA:378,10
FN:384,DAO.countryIsExcluded
FNDA:7,DAO.countryIsExcluded
DA:386,7
FNF:12
FNH:12
LF:112
LH:112
BRF:60
BRH:43
end_of_record
TN:
SF:src/dao/DAOConfig.sol
FN:64,DAOConfig.changeBootstrappingRewards
FNDA:21,DAOConfig.changeBootstrappingRewards
DA:66,21
BRDA:66,0,0,8
BRDA:66,0,1,9
DA:68,9
BRDA:68,1,0,8
BRDA:68,1,1,9
DA:69,8
DA:73,12
BRDA:73,2,0,11
BRDA:73,2,1,12
DA:74,11
DA:77,21
FN:81,DAOConfig.changePercentPolRewardsBurned
FNDA:21,DAOConfig.changePercentPolRewardsBurned
DA:83,21
BRDA:83,3,0,7
BRDA:83,3,1,8
DA:85,8
BRDA:85,4,0,7
BRDA:85,4,1,8
DA:86,7
DA:90,13
BRDA:90,5,0,12
BRDA:90,5,1,13
DA:91,12
DA:94,21
FN:98,DAOConfig.changeBaseBallotQuorumPercent
FNDA:31,DAOConfig.changeBaseBallotQuorumPercent
DA:100,31
BRDA:100,6,0,12
BRDA:100,6,1,13
DA:102,13
BRDA:102,7,0,12
BRDA:102,7,1,13
DA:103,12
DA:107,18
BRDA:107,8,0,17
BRDA:107,8,1,18
DA:108,17
DA:111,31
FN:115,DAOConfig.changeBallotDuration
FNDA:21,DAOConfig.changeBallotDuration
DA:117,21
BRDA:117,9,0,6
BRDA:117,9,1,7
DA:119,7
BRDA:119,10,0,6
BRDA:119,10,1,7
DA:120,6
DA:124,14
BRDA:124,11,0,13
BRDA:124,11,1,14
DA:125,13
DA:128,21
FN:132,DAOConfig.changeRequiredProposalPercentStake
FNDA:40,DAOConfig.changeRequiredProposalPercentStake
DA:134,40
BRDA:134,12,0,17
BRDA:134,12,1,18
DA:136,18
BRDA:136,13,0,17
BRDA:136,13,1,18
DA:137,17
DA:141,22
BRDA:141,14,0,21
BRDA:141,14,1,22
DA:142,21
DA:145,40
FN:149,DAOConfig.changeMaxPendingTokensForWhitelisting
FNDA:24,DAOConfig.changeMaxPendingTokensForWhitelisting
DA:151,24
BRDA:151,15,0,9
BRDA:151,15,1,10
DA:153,10
BRDA:153,16,0,9
BRDA:153,16,1,10
DA:154,9
DA:158,14
BRDA:158,17,0,13
BRDA:158,17,1,14
DA:159,13
DA:162,24
FN:166,DAOConfig.changeArbitrageProfitsPercentPOL
FNDA:17,DAOConfig.changeArbitrageProfitsPercentPOL
DA:168,17
BRDA:168,18,0,7
BRDA:168,18,1,8
DA:170,8
BRDA:170,19,0,7
BRDA:170,19,1,8
DA:171,7
DA:175,9
BRDA:175,20,0,8
BRDA:175,20,1,9
DA:176,8
DA:179,17
FN:183,DAOConfig.changeUpkeepRewardPercent
FNDA:20,DAOConfig.changeUpkeepRewardPercent
DA:185,20
BRDA:185,21,0,7
BRDA:185,21,1,8
DA:187,8
BRDA:187,22,0,7
BRDA:187,22,1,8
DA:188,7
DA:192,12
BRDA:192,23,0,11
BRDA:192,23,1,12
DA:193,11
DA:196,20
FNF:8
FNH:8
LF:48
LH:48
BRF:48
BRH:48
end_of_record
TN:
SF:src/dao/Parameters.sol
FN:57,Parameters._executeParameterChange
FNDA:54,Parameters._executeParameterChange
DA:60,54
BRDA:60,0,0,-
BRDA:60,0,1,4
DA:61,4
DA:62,50
BRDA:62,1,0,-
BRDA:62,1,1,2
DA:63,2
DA:66,48
BRDA:66,2,0,-
BRDA:66,2,1,2
DA:67,2
DA:68,46
BRDA:68,3,0,-
BRDA:68,3,1,2
DA:69,2
DA:70,44
BRDA:70,4,0,-
BRDA:70,4,1,2
DA:71,2
DA:72,42
BRDA:72,5,0,-
BRDA:72,5,1,2
DA:73,2
DA:76,40
BRDA:76,6,0,-
BRDA:76,6,1,2
DA:77,2
DA:78,38
BRDA:78,7,0,-
BRDA:78,7,1,2
DA:79,2
DA:80,36
BRDA:80,8,0,-
BRDA:80,8,1,2
DA:81,2
DA:82,34
BRDA:82,9,0,-
BRDA:82,9,1,2
DA:83,2
DA:86,32
BRDA:86,10,0,-
BRDA:86,10,1,2
DA:87,2
DA:88,30
BRDA:88,11,0,-
BRDA:88,11,1,2
DA:89,2
DA:90,28
BRDA:90,12,0,-
BRDA:90,12,1,2
DA:91,2
DA:92,26
BRDA:92,13,0,-
BRDA:92,13,1,2
DA:93,2
DA:94,24
BRDA:94,14,0,-
BRDA:94,14,1,2
DA:95,2
DA:96,22
BRDA:96,15,0,-
BRDA:96,15,1,2
DA:97,2
DA:100,20
BRDA:100,16,0,-
BRDA:100,16,1,2
DA:101,2
DA:102,18
BRDA:102,17,0,-
BRDA:102,17,1,2
DA:103,2
DA:104,16
BRDA:104,18,0,-
BRDA:104,18,1,2
DA:105,2
DA:106,14
BRDA:106,19,0,-
BRDA:106,19,1,2
DA:107,2
DA:108,12
BRDA:108,20,0,-
BRDA:108,20,1,2
DA:109,2
DA:110,10
BRDA:110,21,0,-
BRDA:110,21,1,2
DA:111,2
DA:112,8
BRDA:112,22,0,-
BRDA:112,22,1,2
DA:113,2
DA:114,6
BRDA:114,23,0,-
BRDA:114,23,1,2
DA:115,2
DA:118,4
BRDA:118,24,0,-
BRDA:118,24,1,2
DA:119,2
DA:120,2
BRDA:120,25,0,-
BRDA:120,25,1,2
DA:121,2
FNF:1
FNH:1
LF:52
LH:52
BRF:52
BRH:26
end_of_record
TN:
SF:src/dao/Proposals.sol
FN:92,Proposals._possiblyCreateProposal
FNDA:196,Proposals._possiblyCreateProposal
DA:100,196
BRDA:100,0,0,1
BRDA:100,0,1,195
DA:106,195
BRDA:106,1,0,1
BRDA:106,1,1,180
DA:108,182
DA:109,182
DA:113,182
BRDA:113,2,0,-
BRDA:113,2,1,182
DA:115,182
DA:119,182
BRDA:119,3,0,1
BRDA:119,3,1,181
DA:125,181
BRDA:125,4,0,1
BRDA:125,4,1,180
DA:132,193
BRDA:132,5,0,9
BRDA:132,5,1,184
DA:136,184
BRDA:136,6,0,-
BRDA:136,6,1,184
DA:141,184
DA:142,184
DA:145,184
DA:146,184
DA:157,184
DA:158,184
DA:161,184
DA:162,184
DA:164,184
FN:168,Proposals.createConfirmationProposal
FNDA:14,Proposals.createConfirmationProposal
DA:175,14
BRDA:175,7,0,1
BRDA:175,7,1,13
DA:180,13
DA:181,13
FN:191,Proposals.markBallotAsFinalized
FNDA:141,Proposals.markBallotAsFinalized
DA:192,141
BRDA:192,8,0,1
BRDA:192,8,1,140
DA:197,140
DA:200,140
BRDA:200,9,0,8
BRDA:200,9,1,140
DA:201,8
DA:204,140
DA:206,140
DA:209,140
DA:210,140
DA:212,140
DA:214,140
FN:217,Proposals.proposeParameterBallot
FNDA:107,Proposals.proposeParameterBallot
DA:221,107
DA:225,107
DA:226,107
FN:236,Proposals.proposeTokenWhitelisting
FNDA:27,Proposals.proposeTokenWhitelisting
DA:241,27
BRDA:241,10,0,-
BRDA:241,10,1,27
DA:242,27
BRDA:242,11,0,1
BRDA:242,11,1,26
DA:247,26
BRDA:247,12,0,1
BRDA:247,12,1,25
DA:252,25
BRDA:252,13,0,-
BRDA:252,13,1,25
DA:257,25
BRDA:257,14,0,2
BRDA:257,14,1,23
DA:266,23
DA:271,23
DA:279,21
DA:281,21
FN:284,Proposals.proposeTokenUnwhitelisting
FNDA:12,Proposals.proposeTokenUnwhitelisting
DA:289,12
BRDA:289,15,0,2
BRDA:289,15,1,10
DA:297,10
BRDA:297,16,0,1
BRDA:297,16,1,9
DA:301,9
BRDA:301,17,0,1
BRDA:301,17,1,8
DA:305,8
BRDA:305,18,0,1
BRDA:305,18,1,7
DA:309,7
BRDA:309,19,0,1
BRDA:309,19,1,6
DA:313,6
BRDA:313,20,0,1
BRDA:313,20,1,5
DA:318,5
DA:322,5
DA:323,5
FN:335,Proposals.proposeSendSALT
FNDA:6,Proposals.proposeSendSALT
DA:340,6
BRDA:340,21,0,1
BRDA:340,21,1,5
DA:343,5
DA:346,5
DA:347,5
BRDA:347,22,0,1
BRDA:347,22,1,4
DA:354,4
DA:355,4
DA:356,4
FN:367,Proposals.proposeCallContract
FNDA:5,Proposals.proposeCallContract
DA:372,5
BRDA:372,23,0,1
BRDA:372,23,1,4
DA:377,4
DA:381,4
DA:382,4
FN:392,Proposals.proposeCountryInclusion
FNDA:10,Proposals.proposeCountryInclusion
DA:396,10
BRDA:396,24,0,1
BRDA:396,24,1,9
DA:401,9
DA:402,9
DA:403,9
FN:413,Proposals.proposeCountryExclusion
FNDA:6,Proposals.proposeCountryExclusion
DA:417,6
BRDA:417,25,0,1
BRDA:417,25,1,5
DA:422,5
DA:423,5
DA:424,5
FN:434,Proposals.proposeSetContractAddress
FNDA:21,Proposals.proposeSetContractAddress
DA:439,21
BRDA:439,26,0,2
BRDA:439,26,1,19
DA:444,19
DA:445,19
DA:446,19
FN:456,Proposals.proposeWebsiteUpdate
FNDA:8,Proposals.proposeWebsiteUpdate
DA:460,8
BRDA:460,27,0,1
BRDA:460,27,1,7
DA:466,7
DA:467,7
DA:468,7
FN:479,Proposals.castVote
FNDA:181,Proposals.castVote
DA:480,181
DA:483,181
BRDA:483,28,0,1
BRDA:483,28,1,180
DA:489,180
BRDA:489,29,0,5
BRDA:489,29,1,105
DA:490,110
BRDA:490,30,0,5
BRDA:490,30,1,105
DA:497,70
BRDA:497,31,0,6
BRDA:497,31,1,64
DA:506,169
DA:510,169
BRDA:510,32,0,4
BRDA:510,32,1,165
DA:513,165
DA:516,165
BRDA:516,33,0,-
BRDA:516,33,1,12
DA:517,12
DA:521,165
DA:524,165
DA:529,165
FN:533,Proposals.ballotForID
FNDA:515,Proposals.ballotForID
DA:536,515
FN:539,Proposals.lastUserVoteForBallot
FNDA:8,Proposals.lastUserVoteForBallot
DA:543,8
FN:546,Proposals.votesCastForBallot
FNDA:9,Proposals.votesCastForBallot
DA:550,9
FN:555,Proposals.requiredQuorumForBallotType
FNDA:11,Proposals.requiredQuorumForBallotType
DA:559,159
DA:560,159
BRDA:560,34,0,2
BRDA:560,34,1,157
DA:565,157
BRDA:565,35,0,-
BRDA:565,35,1,91
DA:566,91
DA:572,66
BRDA:571,36,0,-
BRDA:571,36,1,18
DA:575,18
DA:582,48
DA:591,157
DA:593,157
DA:595,157
BRDA:595,37,0,46
BRDA:595,37,1,157
FN:598,Proposals.totalVotesCastForBallot
FNDA:7,Proposals.totalVotesCastForBallot
DA:601,146
DA:603,146
DA:604,146
BRDA:604,38,0,-
BRDA:604,38,1,94
DA:605,94
DA:606,94
DA:609,52
FN:613,Proposals.ballotIsApproved
FNDA:51,Proposals.ballotIsApproved
DA:614,51
DA:616,51
FN:620,Proposals.winningParameterVote
FNDA:85,Proposals.winningParameterVote
DA:623,85
DA:625,85
DA:626,85
DA:627,85
DA:629,85
BRDA:629,39,0,29
BRDA:629,39,1,1
DA:630,30
BRDA:630,40,0,29
BRDA:630,40,1,1
DA:632,56
BRDA:632,41,0,28
BRDA:632,41,1,-
DA:633,28
BRDA:633,42,0,28
BRDA:633,42,1,-
DA:635,28
FN:639,Proposals.canFinalizeBallot
FNDA:145,Proposals.canFinalizeBallot
DA:640,145
DA:641,145
BRDA:641,43,0,1
BRDA:641,43,1,144
DA:644,144
BRDA:644,44,0,4
BRDA:644,44,1,140
DA:648,140
DA:649,140
BRDA:647,45,0,6
BRDA:647,45,1,133
DA:650,6
DA:652,133
FN:655,Proposals.openBallots
FNDA:6,Proposals.openBallots
DA:656,6
FN:659,Proposals.openBallotsForTokenWhitelisting
FNDA:11,Proposals.openBallotsForTokenWhitelisting
DA:664,11
FN:669,Proposals.tokenWhitelistingBallotWithTheMostVotes
FNDA:8,Proposals.tokenWhitelistingBallotWithTheMostVotes
DA:674,8
DA:678,8
DA:679,8
DA:681,8
DA:682,17
DA:683,9
DA:685,9
DA:686,9
DA:687,9
DA:689,9
BRDA:689,46,0,6
BRDA:689,46,1,6
DA:690,8
BRDA:690,47,0,6
BRDA:690,47,1,6
DA:693,6
BRDA:692,48,0,6
BRDA:692,48,1,6
DA:697,6
DA:698,6
DA:702,8
FN:705,Proposals.userHasActiveProposal
FNDA:2,Proposals.userHasActiveProposal
DA:706,2
FNF:25
FNH:25
LF:148
LH:148
BRF:98
BRH:88
end_of_record
TN:
SF:src/launch/Airdrop.sol
FN:46,Airdrop.authorizeWallet
FNDA:280,Airdrop.authorizeWallet
DA:48,280
BRDA:48,0,0,2
BRDA:48,0,1,278
DA:49,278
BRDA:49,1,0,1
BRDA:49,1,1,277
DA:51,277
FN:56,Airdrop.allowClaiming
FNDA:77,Airdrop.allowClaiming
DA:58,77
BRDA:58,2,0,1
BRDA:58,2,1,76
DA:59,76
BRDA:59,3,0,1
BRDA:59,3,1,75
DA:60,75
BRDA:60,4,0,1
BRDA:60,4,1,74
DA:63,74
DA:64,74
DA:67,74
DA:69,74
FN:74,Airdrop.claimAirdrop
FNDA:10,Airdrop.claimAirdrop
DA:76,10
BRDA:76,5,0,1
BRDA:76,5,1,9
DA:77,9
BRDA:77,6,0,1
BRDA:77,6,1,8
DA:78,8
BRDA:78,7,0,2
BRDA:78,7,1,6
DA:81,6
DA:82,6
DA:84,6
FN:90,Airdrop.isAuthorized
FNDA:6,Airdrop.isAuthorized
DA:92,15
FN:97,Airdrop.numberAuthorized
FNDA:5,Airdrop.numberAuthorized
DA:99,154
FNF:5
FNH:5
LF:18
LH:18
BRF:16
BRH:16
end_of_record
TN:
SF:src/launch/BootstrapBallot.sol
FN:48,BootstrapBallot.vote
FNDA:153,BootstrapBallot.vote
DA:50,153
BRDA:50,0,0,1
BRDA:50,0,1,152
DA:53,152
DA:54,152
BRDA:54,1,0,2
BRDA:54,1,1,148
DA:56,148
BRDA:56,2,0,138
BRDA:56,2,1,10
DA:57,138
DA:59,10
DA:61,148
DA:64,148
FN:69,BootstrapBallot.finalizeBallot
FNDA:72,BootstrapBallot.finalizeBallot
DA:71,72
BRDA:71,3,0,3
BRDA:71,3,1,69
DA:72,69
BRDA:72,4,0,1
BRDA:72,4,1,68
DA:74,68
BRDA:74,5,0,-
BRDA:74,5,1,64
DA:76,64
DA:77,64
DA:79,64
DA:82,68
DA:84,68
FNF:2
FNH:2
LF:16
LH:16
BRF:12
BRH:11
end_of_record
TN:
SF:src/launch/InitialDistribution.sol
FN:50,InitialDistribution.distributionApproved
FNDA:76,InitialDistribution.distributionApproved
DA:52,76
BRDA:52,0,0,1
BRDA:52,0,1,75
DA:53,75
BRDA:53,1,0,2
BRDA:53,1,1,73
DA:56,73
DA:59,73
DA:62,73
DA:65,73
DA:66,73
DA:68,73
DA:72,73
DA:73,73
FNF:1
FNH:1
LF:10
LH:10
BRF:4
BRH:4
end_of_record
TN:
SF:src/pools/PoolMath.sol
FN:117,PoolMath._mostSignificantBit
FNDA:144,PoolMath._mostSignificantBit
DA:119,144
BRDA:119,0,0,-
BRDA:119,0,1,144
DA:120,144
BRDA:120,1,0,92
BRDA:120,1,1,144
DA:121,144
BRDA:121,2,0,67
BRDA:121,2,1,144
DA:122,144
BRDA:122,3,0,40
BRDA:122,3,1,144
DA:123,144
BRDA:123,4,0,62
BRDA:123,4,1,144
DA:124,144
BRDA:124,5,0,63
BRDA:124,5,1,144
DA:125,144
BRDA:125,6,0,81
BRDA:125,6,1,144
DA:126,144
BRDA:126,7,0,58
BRDA:126,7,1,144
FN:131,PoolMath._maximumMSB
FNDA:36,PoolMath._maximumMSB
DA:133,36
DA:135,36
DA:136,36
BRDA:136,8,0,12
BRDA:136,8,1,36
DA:137,12
DA:139,36
DA:140,36
BRDA:140,9,0,2
BRDA:140,9,1,36
DA:141,2
DA:143,36
DA:144,36
BRDA:144,10,0,-
BRDA:144,10,1,36
DA:145,0
FN:152,PoolMath._zapSwapAmount
FNDA:36,PoolMath._zapSwapAmount
DA:154,36
DA:156,36
DA:161,36
BRDA:161,11,0,11
BRDA:161,11,1,36
DA:162,11
DA:165,36
DA:166,36
DA:167,36
DA:168,36
DA:172,36
BRDA:172,12,0,-
BRDA:172,12,1,36
DA:173,0
DA:175,36
BRDA:175,13,0,-
BRDA:175,13,1,36
DA:176,0
DA:178,36
BRDA:178,14,0,-
BRDA:178,14,1,-
DA:179,0
BRDA:179,15,0,-
BRDA:179,15,1,-
DA:180,0
DA:183,36
DA:184,36
DA:192,36
DA:193,36
DA:196,36
DA:199,36
BRDA:199,16,0,-
BRDA:199,16,1,36
DA:200,0
DA:203,36
DA:206,36
FN:212,PoolMath._determineZapSwapAmount
FNDA:161,PoolMath._determineZapSwapAmount
DA:215,161
BRDA:215,17,0,15
BRDA:215,17,1,161
DA:216,15
DA:219,161
BRDA:219,18,0,21
BRDA:219,18,1,161
DA:220,21
DA:223,161
BRDA:223,19,0,-
BRDA:223,19,1,161
DA:224,0
DA:226,0
FNF:4
FNH:4
LF:49
LH:41
BRF:40
BRH:30
end_of_record
TN:
SF:src/pools/PoolStats.sol
FN:37,PoolStats._updateProfitsFromArbitrage
FNDA:323,PoolStats._updateProfitsFromArbitrage
DA:40,323
DA:42,323
FN:47,PoolStats.clearProfitsForPools
FNDA:28,PoolStats.clearProfitsForPools
DA:49,28
BRDA:49,0,0,-
BRDA:49,0,1,28
DA:51,28
DA:53,28
DA:54,432
FN:61,PoolStats._poolIndex
FNDA:29352,PoolStats._poolIndex
DA:63,29352
DA:65,29352
DA:67,451584
BRDA:67,1,0,22383
BRDA:67,1,1,429201
DA:68,22383
DA:71,6969
FN:77,PoolStats.updateArbitrageIndicies
FNDA:1219,PoolStats.updateArbitrageIndicies
DA:79,1283
DA:81,1283
DA:83,15509
DA:84,15509
DA:87,15509
BRDA:87,2,0,1398
BRDA:87,2,1,9784
DA:89,9784
DA:90,9784
DA:91,9784
DA:94,9784
DA:95,9784
BRDA:95,3,0,1398
BRDA:95,3,1,9784
DA:96,1398
FN:104,PoolStats._calculateArbitrageProfits
FNDA:29,PoolStats._calculateArbitrageProfits
DA:106,29
DA:109,441
DA:112,441
DA:113,441
BRDA:113,4,0,-
BRDA:113,4,1,124
DA:115,124
DA:117,124
BRDA:117,5,0,-
BRDA:117,5,1,124
DA:118,124
DA:120,124
BRDA:120,6,0,-
BRDA:120,6,1,124
DA:121,124
DA:123,124
BRDA:123,7,0,-
BRDA:123,7,1,124
DA:124,124
FN:134,PoolStats.profitsForWhitelistedPools
FNDA:29,PoolStats.profitsForWhitelistedPools
DA:136,29
DA:138,29
DA:139,29
FN:143,PoolStats.arbitrageIndicies
FNDA:22,PoolStats.arbitrageIndicies
DA:145,22
FNF:7
FNH:7
LF:37
LH:37
BRF:16
BRH:11
end_of_record
TN:
SF:src/pools/PoolUtils.sol
FN:21,PoolUtils._poolID
FNDA:32128,PoolUtils._poolID
DA:24,32128
BRDA:24,0,0,16753
BRDA:24,0,1,15375
DA:25,16753
DA:27,15375
FN:32,PoolUtils._poolIDAndFlipped
FNDA:4605,PoolUtils._poolIDAndFlipped
DA:35,4605
BRDA:35,1,0,2336
BRDA:35,1,1,2269
DA:36,2336
DA:38,2269
FN:54,PoolUtils._placeInternalSwap
FNDA:132,PoolUtils._placeInternalSwap
DA:56,132
BRDA:56,2,0,94
BRDA:56,2,1,38
DA:57,94
DA:59,38
DA:61,38
DA:62,38
BRDA:62,3,0,15
BRDA:62,3,1,38
DA:63,15
DA:65,38
DA:67,38
FNF:3
FNH:3
LF:14
LH:14
BRF:8
BRH:8
end_of_record
TN:
SF:src/pools/Pools.sol
FN:60,Pools.setContracts
FNDA:82,Pools.setContracts
DA:62,81
DA:63,81
DA:66,81
FN:70,Pools.startExchangeApproved
FNDA:65,Pools.startExchangeApproved
DA:72,65
BRDA:72,0,0,1
BRDA:72,0,1,64
DA:75,64
DA:77,64
FN:90,Pools._addLiquidity
FNDA:590,Pools._addLiquidity
DA:92,590
DA:93,590
DA:94,590
DA:97,590
BRDA:97,1,0,453
BRDA:97,1,1,137
DA:100,453
DA:101,453
DA:104,453
DA:109,137
DA:112,137
BRDA:112,2,0,25
BRDA:112,2,1,112
DA:115,25
DA:116,25
DA:120,112
DA:121,112
DA:125,137
DA:126,137
DA:131,137
BRDA:131,3,0,83
BRDA:131,3,1,54
DA:132,83
DA:134,54
FN:140,Pools.addLiquidity
FNDA:598,Pools.addLiquidity
DA:142,598
BRDA:142,4,0,1
BRDA:142,4,1,597
DA:143,597
BRDA:143,5,0,1
BRDA:143,5,1,596
DA:144,596
BRDA:144,6,0,2
BRDA:144,6,1,594
DA:146,594
BRDA:146,7,0,4
BRDA:146,7,1,590
DA:147,590
BRDA:147,8,0,-
BRDA:147,8,1,590
DA:149,590
DA:152,590
BRDA:152,9,0,313
BRDA:152,9,1,277
DA:153,313
DA:155,277
DA:158,590
BRDA:158,10,0,2
BRDA:158,10,1,588
DA:161,588
DA:162,584
DA:164,583
FN:170,Pools.removeLiquidity
FNDA:202,Pools.removeLiquidity
DA:172,202
BRDA:172,11,0,1
BRDA:172,11,1,201
DA:173,201
BRDA:173,12,0,1
BRDA:173,12,1,200
DA:175,200
DA:178,200
DA:179,200
DA:180,199
DA:182,199
DA:183,199
DA:187,199
BRDA:187,13,0,40
BRDA:187,13,1,159
DA:190,159
BRDA:190,14,0,79
BRDA:190,14,1,159
DA:191,79
DA:193,159
BRDA:193,15,0,61
BRDA:193,15,1,98
DA:196,98
DA:197,98
DA:199,98
FN:205,Pools.deposit
FNDA:62,Pools.deposit
DA:207,62
BRDA:207,16,0,1
BRDA:207,16,1,61
DA:209,61
DA:212,61
DA:214,59
FN:219,Pools.withdraw
FNDA:41,Pools.withdraw
DA:221,41
BRDA:221,17,0,5
BRDA:221,17,1,36
DA:222,36
BRDA:222,18,0,1
BRDA:222,18,1,35
DA:224,35
DA:227,35
DA:229,35
FN:235,Pools._adjustReservesForSwap
FNDA:1538,Pools._adjustReservesForSwap
DA:237,1538
DA:239,1538
DA:240,1538
DA:241,1538
DA:243,1538
BRDA:243,19,0,4
BRDA:243,19,1,1534
DA:257,1534
BRDA:257,20,0,643
BRDA:257,20,1,891
DA:259,643
DA:260,643
DA:261,643
DA:265,891
DA:266,891
DA:267,891
DA:271,1534
BRDA:271,21,0,2
BRDA:271,21,1,1532
DA:274,1532
DA:275,1532
FN:283,Pools._arbitrage
FNDA:323,Pools._arbitrage
DA:285,323
DA:286,323
DA:287,323
DA:290,323
DA:293,323
DA:297,323
FN:302,Pools._determineSwapAmountInValueInETH
FNDA:561,Pools._determineSwapAmountInValueInETH
DA:304,561
BRDA:304,22,0,169
BRDA:304,22,1,392
DA:305,169
DA:308,392
DA:310,392
BRDA:310,23,0,124
BRDA:310,23,1,268
DA:311,124
DA:313,268
DA:315,268
BRDA:315,24,0,-
BRDA:315,24,1,268
DA:316,0
FN:321,Pools._attemptArbitrage
FNDA:561,Pools._attemptArbitrage
DA:324,561
DA:325,561
BRDA:325,25,0,124
BRDA:325,25,1,437
DA:326,124
DA:330,437
DA:332,437
DA:333,437
DA:334,437
DA:337,437
DA:340,437
BRDA:340,26,0,323
BRDA:340,26,1,437
DA:341,323
FN:347,Pools._adjustReservesForSwapAndAttemptArbitrage
FNDA:569,Pools._adjustReservesForSwapAndAttemptArbitrage
DA:350,569
DA:353,563
BRDA:353,27,0,2
BRDA:353,27,1,561
DA:356,561
DA:358,561
FN:366,Pools.swap
FNDA:32,Pools.swap
DA:369,30
DA:371,30
BRDA:371,28,0,5
BRDA:371,28,1,25
DA:372,25
DA:374,25
DA:377,23
FN:382,Pools.depositSwapWithdraw
FNDA:543,Pools.depositSwapWithdraw
DA:385,542
DA:387,540
DA:390,534
FN:395,Pools.depositDoubleSwapWithdraw
FNDA:2,Pools.depositDoubleSwapWithdraw
DA:397,2
DA:399,2
DA:400,2
DA:402,2
FN:409,Pools.getPoolReserves
FNDA:574,Pools.getPoolReserves
DA:411,2277
DA:412,2277
DA:413,2277
DA:414,2277
DA:417,2277
BRDA:417,29,0,1281
BRDA:417,29,1,2277
DA:418,1281
FN:423,Pools.depositedUserBalance
FNDA:140,Pools.depositedUserBalance
DA:425,140
FNF:17
FNH:17
LF:123
LH:122
BRF:60
BRH:58
end_of_record
TN:
SF:src/pools/PoolsConfig.sol
FN:40,PoolsConfig.whitelistPool
FNDA:1211,PoolsConfig.whitelistPool
DA:45,1210
BRDA:45,0,0,1
BRDA:45,0,1,1209
DA:49,1209
BRDA:49,1,0,1
BRDA:49,1,1,1208
DA:51,1208
DA:54,1208
DA:55,1208
DA:58,1208
DA:60,1208
FN:63,PoolsConfig.unwhitelistPool
FNDA:12,PoolsConfig.unwhitelistPool
DA:68,11
DA:70,11
DA:71,11
DA:74,11
DA:76,11
FN:79,PoolsConfig.changeMaximumWhitelistedPools
FNDA:25,PoolsConfig.changeMaximumWhitelistedPools
DA:80,23
BRDA:80,2,0,10
BRDA:80,2,1,11
DA:81,11
BRDA:81,3,0,10
BRDA:81,3,1,11
DA:83,12
BRDA:83,4,0,11
BRDA:83,4,1,12
DA:86,23
FN:89,PoolsConfig.changeMaximumInternalSwapPercentTimes1000
FNDA:17,PoolsConfig.changeMaximumInternalSwapPercentTimes1000
DA:92,17
BRDA:92,5,0,6
BRDA:92,5,1,7
DA:93,7
BRDA:93,6,0,6
BRDA:93,6,1,7
DA:94,6
DA:96,10
BRDA:96,7,0,9
BRDA:96,7,1,10
DA:97,9
DA:100,17
FN:107,PoolsConfig.numberOfWhitelistedPools
FNDA:101,PoolsConfig.numberOfWhitelistedPools
DA:108,101
FN:111,PoolsConfig.isWhitelisted
FNDA:2597,PoolsConfig.isWhitelisted
DA:113,2684
FN:117,PoolsConfig.whitelistedPools
FNDA:1495,PoolsConfig.whitelistedPools
DA:118,1495
FN:121,PoolsConfig.underlyingTokenPair
FNDA:15875,PoolsConfig.underlyingTokenPair
DA:124,15875
DA:125,15875
BRDA:125,8,0,4
BRDA:125,8,1,15871
DA:131,15871
FN:135,PoolsConfig.tokenHasBeenWhitelisted
FNDA:51,PoolsConfig.tokenHasBeenWhitelisted
DA:141,51
DA:142,51
BRDA:142,9,0,15
BRDA:142,9,1,36
DA:144,36
DA:145,36
BRDA:145,10,0,5
BRDA:145,10,1,31
DA:147,31
FNF:9
FNH:9
LF:33
LH:33
BRF:22
BRH:22
end_of_record
TN:
SF:src/price_feed/CoreChainlinkFeed.sol
FN:28,CoreChainlinkFeed.latestChainlinkPrice
FNDA:0,CoreChainlinkFeed.latestChainlinkPrice
DA:30,12
DA:32,12
DA:55,12
BRDA:55,0,0,-
BRDA:55,0,1,12
DA:56,0
DA:59,12
FN:63,CoreChainlinkFeed.getPriceBTC
FNDA:8,CoreChainlinkFeed.getPriceBTC
DA:65,8
FN:69,CoreChainlinkFeed.getPriceETH
FNDA:4,CoreChainlinkFeed.getPriceETH
DA:71,4
FNF:3
FNH:2
LF:7
LH:6
BRF:2
BRH:1
end_of_record
TN:
SF:src/price_feed/CoreSaltyFeed.sol
FN:32,CoreSaltyFeed.getPriceBTC
FNDA:1,CoreSaltyFeed.getPriceBTC
DA:34,1
DA:36,1
BRDA:36,0,0,1
BRDA:36,0,1,-
DA:37,1
DA:40,0
FN:45,CoreSaltyFeed.getPriceETH
FNDA:1,CoreSaltyFeed.getPriceETH
DA:47,1
DA:49,1
BRDA:49,1,0,1
BRDA:49,1,1,-
DA:50,1
DA:52,0
FNF:2
FNH:2
LF:8
LH:6
BRF:4
BRH:2
end_of_record
TN:
SF:src/price_feed/CoreUniswapFeed.sol
FN:50,CoreUniswapFeed._getUniswapTwapWei
FNDA:5,CoreUniswapFeed._getUniswapTwapWei
DA:52,5
DA:53,5
DA:54,5
DA:57,5
DA:59,5
DA:60,5
DA:61,5
DA:63,5
DA:64,5
DA:66,5
BRDA:66,0,0,-
BRDA:66,0,1,5
DA:67,0
DA:69,5
BRDA:69,1,0,5
BRDA:69,1,1,-
DA:70,5
DA:72,0
FN:79,CoreUniswapFeed.getUniswapTwapWei
FNDA:0,CoreUniswapFeed.getUniswapTwapWei
DA:82,5
DA:83,5
DA:92,5
FN:97,CoreUniswapFeed.getTwapWBTC
FNDA:0,CoreUniswapFeed.getTwapWBTC
DA:99,2
DA:100,2
DA:103,2
BRDA:103,2,0,-
BRDA:103,2,1,2
DA:104,0
DA:106,2
BRDA:106,3,0,2
BRDA:106,3,1,2
DA:107,2
DA:109,2
BRDA:109,4,0,2
BRDA:109,4,1,2
DA:110,2
DA:112,2
FN:117,CoreUniswapFeed.getTwapWETH
FNDA:0,CoreUniswapFeed.getTwapWETH
DA:119,1
DA:122,1
BRDA:122,5,0,-
BRDA:122,5,1,1
DA:123,0
DA:125,1
BRDA:125,6,0,1
BRDA:125,6,1,-
DA:126,1
DA:128,0
FN:133,CoreUniswapFeed.getPriceBTC
FNDA:2,CoreUniswapFeed.getPriceBTC
DA:135,2
FN:141,CoreUniswapFeed.getPriceETH
FNDA:1,CoreUniswapFeed.getPriceETH
DA:143,1
FNF:6
FNH:3
LF:34
LH:29
BRF:14
BRH:9
end_of_record
TN:
SF:src/price_feed/PriceAggregator.sol
FN:37,PriceAggregator.setInitialFeeds
FNDA:81,PriceAggregator.setInitialFeeds
DA:39,81
BRDA:39,0,0,1
BRDA:39,0,1,80
DA:41,80
DA:42,80
DA:43,80
FN:47,PriceAggregator.setPriceFeed
FNDA:20,PriceAggregator.setPriceFeed
DA:50,20
BRDA:50,1,0,16
BRDA:50,1,1,20
DA:51,20
DA:53,16
BRDA:53,2,0,6
BRDA:53,2,1,10
DA:54,6
DA:55,10
BRDA:55,3,0,6
BRDA:55,3,1,4
DA:56,6
DA:57,4
BRDA:57,4,0,4
BRDA:57,4,1,4
DA:58,4
DA:60,16
DA:61,16
FN:65,PriceAggregator.changeMaximumPriceFeedPercentDifferenceTimes1000
FNDA:26,PriceAggregator.changeMaximumPriceFeedPercentDifferenceTimes1000
DA:67,26
BRDA:67,5,0,10
BRDA:67,5,1,11
DA:69,11
BRDA:69,6,0,10
BRDA:69,6,1,11
DA:70,10
DA:74,15
BRDA:74,7,0,14
BRDA:74,7,1,15
DA:75,14
DA:78,26
FN:82,PriceAggregator.changePriceFeedModificationCooldown
FNDA:11,PriceAggregator.changePriceFeedModificationCooldown
DA:84,11
BRDA:84,8,0,4
BRDA:84,8,1,5
DA:86,5
BRDA:86,9,0,4
BRDA:86,9,1,5
DA:87,4
DA:91,6
BRDA:91,10,0,5
BRDA:91,10,1,6
DA:92,5
DA:95,11
FN:99,PriceAggregator._absoluteDifference
FNDA:1976,PriceAggregator._absoluteDifference
DA:101,1976
BRDA:101,11,0,13
BRDA:101,11,1,1963
DA:102,13
DA:104,1963
FN:108,PriceAggregator._aggregatePrices
FNDA:504,PriceAggregator._aggregatePrices
DA:110,504
DA:112,504
BRDA:112,12,0,488
BRDA:112,12,1,504
DA:113,488
DA:115,504
BRDA:115,13,0,493
BRDA:115,13,1,504
DA:116,493
DA:118,504
BRDA:118,14,0,496
BRDA:118,14,1,504
DA:119,496
DA:122,504
BRDA:122,15,0,10
BRDA:122,15,1,494
DA:123,10
DA:125,494
DA:126,494
DA:127,494
DA:129,494
DA:130,494
DA:132,494
BRDA:132,16,0,481
BRDA:132,16,1,13
DA:133,481
DA:134,13
BRDA:134,17,0,3
BRDA:134,17,1,10
DA:135,3
DA:136,10
BRDA:136,18,0,10
BRDA:136,18,1,10
DA:137,10
DA:139,494
DA:142,494
BRDA:142,19,0,5
BRDA:142,19,1,489
DA:143,5
DA:145,489
FN:149,PriceAggregator._getPriceBTC
FNDA:783,PriceAggregator._getPriceBTC
DA:151,783
FN:162,PriceAggregator._getPriceETH
FNDA:729,PriceAggregator._getPriceETH
DA:164,729
FN:176,PriceAggregator.getPriceBTC
FNDA:261,PriceAggregator.getPriceBTC
DA:178,261
DA:179,261
DA:180,261
DA:182,261
DA:183,261
BRDA:183,20,0,13
BRDA:183,20,1,248
FN:188,PriceAggregator.getPriceETH
FNDA:243,PriceAggregator.getPriceETH
DA:190,243
DA:191,243
DA:192,243
DA:194,243
DA:195,243
BRDA:195,21,0,2
BRDA:195,21,1,241
FNF:10
FNH:10
LF:65
LH:65
BRF:44
BRH:44
end_of_record
TN:
SF:src/rewards/Emissions.sol
FN:39,Emissions.performUpkeep
FNDA:39,Emissions.performUpkeep
DA:40,39
BRDA:40,0,0,1
BRDA:40,0,1,38
DA:45,38
BRDA:45,1,0,36
BRDA:45,1,1,38
DA:49,36
BRDA:49,2,0,7
BRDA:49,2,1,36
DA:50,7
DA:52,36
DA:55,36
DA:59,36
BRDA:59,3,0,1
BRDA:59,3,1,35
DA:62,35
FNF:1
FNH:1
LF:8
LH:8
BRF:8
BRH:8
end_of_record
TN:
SF:src/rewards/RewardsConfig.sol
FN:36,RewardsConfig.changeRewardsEmitterDailyPercent
FNDA:19,RewardsConfig.changeRewardsEmitterDailyPercent
DA:38,19
BRDA:38,0,0,7
BRDA:38,0,1,8
DA:40,8
BRDA:40,1,0,7
BRDA:40,1,1,8
DA:41,7
DA:45,11
BRDA:45,2,0,10
BRDA:45,2,1,11
DA:46,10
DA:49,19
FN:52,RewardsConfig.changeEmissionsWeeklyPercent
FNDA:9,RewardsConfig.changeEmissionsWeeklyPercent
DA:54,9
BRDA:54,3,0,3
BRDA:54,3,1,4
DA:56,4
BRDA:56,4,0,3
BRDA:56,4,1,4
DA:57,3
DA:61,5
BRDA:61,5,0,4
BRDA:61,5,1,5
DA:62,4
DA:65,9
FN:69,RewardsConfig.changeStakingRewardsPercent
FNDA:19,RewardsConfig.changeStakingRewardsPercent
DA:71,19
BRDA:71,6,0,6
BRDA:71,6,1,7
DA:73,7
BRDA:73,7,0,6
BRDA:73,7,1,7
DA:74,6
DA:78,12
BRDA:78,8,0,11
BRDA:78,8,1,12
DA:79,11
DA:82,19
FN:86,RewardsConfig.changePercentRewardsSaltUSDS
FNDA:11,RewardsConfig.changePercentRewardsSaltUSDS
DA:88,11
BRDA:88,9,0,4
BRDA:88,9,1,5
DA:90,5
BRDA:90,10,0,4
BRDA:90,10,1,5
DA:91,4
DA:95,6
BRDA:95,11,0,5
BRDA:95,11,1,6
DA:96,5
DA:99,11
FNF:4
FNH:4
LF:24
LH:24
BRF:24
BRH:24
end_of_record
TN:
SF:src/rewards/RewardsEmitter.sol
FN:57,RewardsEmitter.addSALTRewards
FNDA:228,RewardsEmitter.addSALTRewards
DA:59,228
DA:60,228
DA:62,1177
DA:63,1177
BRDA:63,0,0,3
BRDA:63,0,1,1174
DA:65,1174
DA:66,1174
BRDA:66,1,0,1092
BRDA:66,1,1,1174
DA:69,1092
DA:70,1092
DA:75,225
BRDA:75,2,0,221
BRDA:75,2,1,222
DA:76,221
FN:82,RewardsEmitter.performUpkeep
FNDA:76,RewardsEmitter.performUpkeep
DA:84,76
BRDA:84,3,0,1
BRDA:84,3,1,75
DA:86,75
BRDA:86,4,0,73
BRDA:86,4,1,75
DA:87,75
DA:89,73
DA:91,73
BRDA:91,5,0,-
BRDA:91,5,1,44
DA:94,44
DA:99,29
DA:100,29
DA:105,73
BRDA:105,6,0,52
BRDA:105,6,1,73
DA:106,52
DA:109,73
DA:112,73
DA:113,73
DA:115,73
DA:116,73
DA:118,635
DA:121,635
DA:124,635
BRDA:124,7,0,618
BRDA:124,7,1,635
DA:126,618
DA:128,618
DA:132,635
DA:136,73
FN:142,RewardsEmitter.pendingRewardsForPools
FNDA:49,RewardsEmitter.pendingRewardsForPools
DA:144,49
DA:146,49
DA:147,85
DA:149,49
FNF:3
FNH:3
LF:36
LH:36
BRF:16
BRH:15
end_of_record
TN:
SF:src/rewards/SaltRewards.sol
FN:47,SaltRewards._sendStakingRewards
FNDA:20,SaltRewards._sendStakingRewards
DA:49,20
DA:50,20
DA:52,20
FN:58,SaltRewards._sendLiquidityRewards
FNDA:20,SaltRewards._sendLiquidityRewards
DA:60,20
BRDA:60,0,0,-
BRDA:60,0,1,20
DA:63,20
DA:64,20
DA:66,360
DA:67,360
DA:70,360
BRDA:70,1,0,20
BRDA:70,1,1,360
DA:71,20
DA:73,360
DA:77,20
FN:81,SaltRewards._sendInitialLiquidityRewards
FNDA:73,SaltRewards._sendInitialLiquidityRewards
DA:84,73
DA:86,73
DA:87,73
DA:88,657
DA:91,73
FN:95,SaltRewards._sendInitialStakingRewards
FNDA:73,SaltRewards._sendInitialStakingRewards
DA:98,73
DA:99,73
DA:101,73
FN:106,SaltRewards.sendInitialSaltRewards
FNDA:73,SaltRewards.sendInitialSaltRewards
DA:108,73
BRDA:108,2,0,-
BRDA:108,2,1,73
DA:110,73
DA:113,73
FN:117,SaltRewards.performUpkeep
FNDA:28,SaltRewards.performUpkeep
DA:119,28
BRDA:119,3,0,-
BRDA:119,3,1,28
DA:120,28
BRDA:120,4,0,-
BRDA:120,4,1,28
DA:123,28
DA:124,28
BRDA:124,5,0,-
BRDA:124,5,1,28
DA:125,0
DA:128,28
DA:129,28
DA:130,432
DA:134,28
BRDA:134,6,0,8
BRDA:134,6,1,20
DA:135,8
DA:139,20
DA:140,20
DA:143,20
DA:144,20
DA:146,20
DA:147,20
FNF:6
FNH:6
LF:39
LH:38
BRF:14
BRH:9
end_of_record
TN:
SF:src/stable/CollateralAndLiquidity.sol
FN:70,CollateralAndLiquidity.depositCollateralAndIncreaseShare
FNDA:126,CollateralAndLiquidity.depositCollateralAndIncreaseShare
DA:73,126
DA:75,121
FN:80,CollateralAndLiquidity.withdrawCollateralAndClaim
FNDA:11,CollateralAndLiquidity.withdrawCollateralAndClaim
DA:83,11
BRDA:83,0,0,-
BRDA:83,0,1,11
DA:84,11
BRDA:84,1,0,2
BRDA:84,1,1,9
DA:87,9
DA:89,9
FN:95,CollateralAndLiquidity.borrowUSDS
FNDA:71,CollateralAndLiquidity.borrowUSDS
DA:97,71
BRDA:97,2,0,2
BRDA:97,2,1,69
DA:98,69
BRDA:98,3,0,2
BRDA:98,3,1,67
DA:99,67
BRDA:99,4,0,3
BRDA:99,4,1,63
DA:102,63
DA:105,63
DA:108,63
DA:110,63
FN:115,CollateralAndLiquidity.repayUSDS
FNDA:24,CollateralAndLiquidity.repayUSDS
DA:117,24
BRDA:117,5,0,1
BRDA:117,5,1,23
DA:118,23
BRDA:118,6,0,4
BRDA:118,6,1,19
DA:119,19
BRDA:119,7,0,-
BRDA:119,7,1,19
DA:122,19
DA:125,19
DA:128,19
DA:131,19
BRDA:131,8,0,11
BRDA:131,8,1,19
DA:132,11
DA:134,19
FN:140,CollateralAndLiquidity.liquidateUser
FNDA:29,CollateralAndLiquidity.liquidateUser
DA:142,29
BRDA:142,9,0,1
BRDA:142,9,1,28
DA:145,28
BRDA:145,10,0,6
BRDA:145,10,1,20
DA:147,20
DA:151,20
DA:154,20
DA:157,19
DA:159,19
DA:160,19
DA:163,19
DA:164,19
DA:165,19
BRDA:165,11,0,16
BRDA:165,11,1,19
DA:167,16
DA:168,16
DA:172,19
DA:173,19
DA:176,19
DA:177,19
DA:180,19
DA:181,19
DA:184,19
DA:185,19
DA:187,19
FN:195,CollateralAndLiquidity.underlyingTokenValueInUSD
FNDA:11,CollateralAndLiquidity.underlyingTokenValueInUSD
DA:198,235
DA:199,231
DA:202,231
DA:203,231
DA:205,231
FN:211,CollateralAndLiquidity.totalCollateralValueInUSD
FNDA:1,CollateralAndLiquidity.totalCollateralValueInUSD
DA:213,5
DA:215,5
FN:221,CollateralAndLiquidity.userCollateralValueInUSD
FNDA:20,CollateralAndLiquidity.userCollateralValueInUSD
DA:223,206
DA:224,206
BRDA:224,12,0,6
BRDA:224,12,1,200
DA:225,6
DA:227,200
DA:230,200
DA:232,200
DA:233,200
DA:235,200
FN:241,CollateralAndLiquidity.maxWithdrawableCollateral
FNDA:5,CollateralAndLiquidity.maxWithdrawableCollateral
DA:243,16
DA:246,16
BRDA:246,13,0,1
BRDA:246,13,1,15
DA:247,1
DA:250,15
DA:251,15
DA:254,15
BRDA:254,14,0,2
BRDA:254,14,1,13
DA:255,2
DA:258,13
DA:261,13
FN:268,CollateralAndLiquidity.maxBorrowableUSDS
FNDA:74,CollateralAndLiquidity.maxBorrowableUSDS
DA:271,141
BRDA:271,15,0,2
BRDA:271,15,1,139
DA:272,2
DA:275,139
DA:277,137
BRDA:277,16,0,4
BRDA:277,16,1,133
DA:278,4
DA:280,133
DA:283,133
BRDA:283,17,0,4
BRDA:283,17,1,129
DA:284,4
DA:286,129
FN:290,CollateralAndLiquidity.numberOfUsersWithBorrowedUSDS
FNDA:22,CollateralAndLiquidity.numberOfUsersWithBorrowedUSDS
DA:292,31
FN:297,CollateralAndLiquidity.canUserBeLiquidated
FNDA:10,CollateralAndLiquidity.canUserBeLiquidated
DA:300,38
DA:301,38
BRDA:301,18,0,6
BRDA:301,18,1,32
DA:302,6
DA:304,32
DA:307,30
FN:311,CollateralAndLiquidity.findLiquidatableUsers
FNDA:0,CollateralAndLiquidity.findLiquidatableUsers
DA:313,4
DA:314,4
DA:317,4
DA:318,4
DA:320,4
BRDA:320,19,0,-
BRDA:320,19,1,6
DA:321,4
DA:323,9
DA:326,9
DA:329,9
DA:332,9
BRDA:332,20,0,-
BRDA:332,20,1,6
DA:333,6
DA:337,4
DA:338,4
DA:339,6
DA:341,4
FN:345,CollateralAndLiquidity.findLiquidatableUsers
FNDA:5,CollateralAndLiquidity.findLiquidatableUsers
DA:347,5
BRDA:347,21,0,-
BRDA:347,21,1,1
DA:348,1
DA:350,4
FNF:14
FNH:13
LF:101
LH:101
BRF:44
BRH:39
end_of_record
TN:
SF:src/stable/Liquidizer.sol
FN:63,Liquidizer.setContracts
FNDA:82,Liquidizer.setContracts
DA:65,80
DA:66,80
DA:67,80
DA:71,80
DA:72,80
DA:73,80
DA:76,80
FN:81,Liquidizer.incrementBurnableUSDS
FNDA:72,Liquidizer.incrementBurnableUSDS
DA:83,72
BRDA:83,0,0,1
BRDA:83,0,1,71
DA:85,71
DA:87,71
FN:92,Liquidizer._burnUSDS
FNDA:27,Liquidizer._burnUSDS
DA:94,27
DA:95,27
FN:101,Liquidizer._possiblyBurnUSDS
FNDA:44,Liquidizer._possiblyBurnUSDS
DA:104,44
BRDA:104,1,0,27
BRDA:104,1,1,44
DA:105,44
DA:107,27
DA:108,27
BRDA:108,2,0,18
BRDA:108,2,1,9
DA:112,18
DA:113,18
DA:118,9
DA:119,9
DA:123,9
DA:124,9
FN:132,Liquidizer.performUpkeep
FNDA:45,Liquidizer.performUpkeep
DA:134,45
BRDA:134,3,0,1
BRDA:134,3,1,44
DA:136,44
DA:139,44
DA:140,44
DA:141,44
DA:144,44
DA:145,44
BRDA:145,4,0,-
BRDA:145,4,1,3
DA:147,3
DA:148,3
DA:151,44
FNF:5
FNH:5
LF:32
LH:32
BRF:10
BRH:9
end_of_record
TN:
SF:src/stable/StableConfig.sol
FN:52,StableConfig.changeRewardPercentForCallingLiquidation
FNDA:16,StableConfig.changeRewardPercentForCallingLiquidation
DA:55,16
BRDA:55,0,0,7
BRDA:55,0,1,9
DA:57,9
DA:62,9
DA:63,7
BRDA:61,1,0,7
BRDA:61,1,1,9
DA:64,7
DA:66,7
BRDA:66,2,0,6
BRDA:66,2,1,7
DA:67,6
DA:70,16
FN:75,StableConfig.changeMaxRewardValueForCallingLiquidation
FNDA:18,StableConfig.changeMaxRewardValueForCallingLiquidation
DA:78,18
BRDA:78,3,0,6
BRDA:78,3,1,7
DA:79,7
BRDA:79,4,0,6
BRDA:79,4,1,7
DA:80,6
DA:82,11
BRDA:82,5,0,10
BRDA:82,5,1,11
DA:83,10
DA:86,18
FN:91,StableConfig.changeMinimumCollateralValueForBorrowing
FNDA:17,StableConfig.changeMinimumCollateralValueForBorrowing
DA:94,17
BRDA:94,6,0,6
BRDA:94,6,1,7
DA:95,7
BRDA:95,7,0,6
BRDA:95,7,1,7
DA:96,6
DA:98,10
BRDA:98,8,0,9
BRDA:98,8,1,10
DA:99,9
DA:102,17
FN:107,StableConfig.changeInitialCollateralRatioPercent
FNDA:14,StableConfig.changeInitialCollateralRatioPercent
DA:110,14
BRDA:110,9,0,5
BRDA:110,9,1,6
DA:111,6
BRDA:111,10,0,5
BRDA:111,10,1,6
DA:112,5
DA:114,8
BRDA:114,11,0,7
BRDA:114,11,1,8
DA:115,7
DA:118,14
FN:123,StableConfig.changeMinimumCollateralRatioPercent
FNDA:36,StableConfig.changeMinimumCollateralRatioPercent
DA:126,36
BRDA:126,12,0,17
BRDA:126,12,1,18
DA:127,18
BRDA:127,13,0,17
BRDA:127,13,1,18
DA:128,17
DA:131,18
DA:136,18
DA:137,16
BRDA:135,14,0,16
BRDA:135,14,1,18
DA:138,16
DA:141,36
FN:146,StableConfig.changePercentArbitrageProfitsForStablePOL
FNDA:18,StableConfig.changePercentArbitrageProfitsForStablePOL
DA:149,18
BRDA:149,15,0,6
BRDA:149,15,1,7
DA:150,7
BRDA:150,16,0,6
BRDA:150,16,1,7
DA:151,6
DA:153,11
BRDA:153,17,0,10
BRDA:153,17,1,11
DA:154,10
DA:157,18
FNF:6
FNH:6
LF:40
LH:40
BRF:36
BRH:36
end_of_record
TN:
SF:src/stable/USDS.sol
FN:29,USDS.setCollateralAndLiquidity
FNDA:81,USDS.setCollateralAndLiquidity
DA:31,80
DA:34,80
FN:40,USDS.mintTo
FNDA:898,USDS.mintTo
DA:42,898
BRDA:42,0,0,3
BRDA:42,0,1,895
DA:43,895
BRDA:43,1,0,1
BRDA:43,1,1,894
DA:45,894
DA:47,893
FN:53,USDS.burnTokensInContract
FNDA:542,USDS.burnTokensInContract
DA:55,542
DA:56,542
DA:58,542
FNF:3
FNH:3
LF:9
LH:9
BRF:4
BRH:4
end_of_record
TN:
SF:src/staking/Liquidity.sol
FN:50,Liquidity._dualZapInLiquidity
FNDA:161,Liquidity._dualZapInLiquidity
DA:52,161
DA:53,161
DA:56,161
BRDA:56,0,0,-
BRDA:56,0,1,13
DA:58,13
DA:61,13
DA:62,13
DA:66,148
BRDA:66,1,0,-
BRDA:66,1,1,21
DA:68,21
DA:71,21
DA:72,21
DA:75,161
FN:83,Liquidity._depositLiquidityAndIncreaseShare
FNDA:540,Liquidity._depositLiquidityAndIncreaseShare
DA:85,540
BRDA:85,2,0,3
BRDA:85,2,1,537
DA:88,537
DA:89,536
DA:92,536
BRDA:92,3,0,161
BRDA:92,3,1,536
DA:93,161
DA:96,536
DA:97,536
DA:101,536
DA:102,536
DA:107,531
DA:110,526
BRDA:110,4,0,16
BRDA:110,4,1,526
DA:111,16
DA:113,526
BRDA:113,5,0,23
BRDA:113,5,1,526
DA:114,23
DA:116,526
FN:121,Liquidity._withdrawLiquidityAndClaim
FNDA:59,Liquidity._withdrawLiquidityAndClaim
DA:123,59
DA:124,59
BRDA:124,6,0,2
BRDA:124,6,1,57
DA:128,57
DA:131,57
DA:132,57
DA:137,57
DA:139,56
FN:146,Liquidity.depositLiquidityAndIncreaseShare
FNDA:416,Liquidity.depositLiquidityAndIncreaseShare
DA:148,415
BRDA:148,7,0,1
BRDA:148,7,1,414
DA:150,414
FN:157,Liquidity.withdrawLiquidityAndClaim
FNDA:52,Liquidity.withdrawLiquidityAndClaim
DA:159,51
BRDA:159,8,0,1
BRDA:159,8,1,50
DA:161,50
FNF:5
FNH:5
LF:37
LH:37
BRF:18
BRH:16
end_of_record
TN:
SF:src/staking/Staking.sol
FN:41,Staking.stakeSALT
FNDA:190,Staking.stakeSALT
DA:43,190
BRDA:43,0,0,2
BRDA:43,0,1,188
DA:47,188
DA:50,187
DA:52,182
FN:60,Staking.unstake
FNDA:55,Staking.unstake
DA:62,55
BRDA:62,1,0,3
BRDA:62,1,1,52
DA:64,52
DA:65,50
DA:67,50
DA:68,50
DA:70,50
DA:71,50
DA:76,50
DA:78,50
FN:84,Staking.cancelUnstake
FNDA:15,Staking.cancelUnstake
DA:86,15
DA:88,15
BRDA:88,2,0,2
BRDA:88,2,1,13
DA:89,13
BRDA:89,3,0,2
BRDA:89,3,1,11
DA:90,11
BRDA:90,4,0,3
BRDA:90,4,1,8
DA:93,8
DA:95,8
DA:96,8
FN:101,Staking.recoverSALT
FNDA:33,Staking.recoverSALT
DA:103,33
DA:104,33
BRDA:104,5,0,4
BRDA:104,5,1,29
DA:105,29
BRDA:105,6,0,4
BRDA:105,6,1,25
DA:106,25
BRDA:106,7,0,8
BRDA:106,7,1,17
DA:108,17
DA:112,17
DA:115,17
BRDA:115,8,0,-
BRDA:115,8,1,15
DA:118,15
DA:119,15
DA:123,17
DA:125,17
FN:130,Staking.transferStakedSaltFromAirdropToUser
FNDA:8,Staking.transferStakedSaltFromAirdropToUser
DA:132,8
BRDA:132,9,0,1
BRDA:132,9,1,7
DA:134,7
DA:135,7
DA:137,7
FN:143,Staking.userXSalt
FNDA:64,Staking.userXSalt
DA:145,64
FN:150,Staking.unstakesForUser
FNDA:0,Staking.unstakesForUser
DA:153,1
BRDA:153,10,0,-
BRDA:153,10,1,1
DA:155,1
DA:157,1
BRDA:157,11,0,-
BRDA:157,11,1,1
DA:158,1
BRDA:158,12,0,-
BRDA:158,12,1,1
DA:160,1
DA:162,1
DA:163,1
DA:164,3
DA:166,1
FN:171,Staking.unstakesForUser
FNDA:2,Staking.unstakesForUser
DA:174,2
DA:175,2
BRDA:175,13,0,-
BRDA:175,13,1,-
DA:176,1
DA:179,1
FN:184,Staking.userUnstakeIDs
FNDA:9,Staking.userUnstakeIDs
DA:186,9
FN:190,Staking.unstakeByID
FNDA:28,Staking.unstakeByID
DA:192,28
FN:198,Staking.calculateUnstake
FNDA:8,Staking.calculateUnstake
DA:200,60
DA:201,60
DA:202,60
DA:204,60
BRDA:204,14,0,2
BRDA:204,14,1,58
DA:205,58
BRDA:205,15,0,2
BRDA:205,15,1,56
DA:207,56
DA:208,56
DA:210,56
DA:211,56
FNF:11
FNH:10
LF:60
LH:60
BRF:32
BRH:26
end_of_record
TN:
SF:src/staking/StakingConfig.sol
FN:34,StakingConfig.changeMinUnstakeWeeks
FNDA:25,StakingConfig.changeMinUnstakeWeeks
DA:36,25
BRDA:36,0,0,11
BRDA:36,0,1,12
DA:38,12
BRDA:38,1,0,11
BRDA:38,1,1,12
DA:39,11
DA:43,13
BRDA:43,2,0,12
BRDA:43,2,1,13
DA:44,12
DA:47,25
FN:51,StakingConfig.changeMaxUnstakeWeeks
FNDA:22,StakingConfig.changeMaxUnstakeWeeks
DA:53,22
BRDA:53,3,0,8
BRDA:53,3,1,9
DA:55,9
BRDA:55,4,0,8
BRDA:55,4,1,9
DA:56,8
DA:60,13
BRDA:60,5,0,12
BRDA:60,5,1,13
DA:61,12
DA:64,22
FN:68,StakingConfig.changeMinUnstakePercent
FNDA:18,StakingConfig.changeMinUnstakePercent
DA:70,18
BRDA:70,6,0,7
BRDA:70,6,1,8
DA:72,8
BRDA:72,7,0,7
BRDA:72,7,1,8
DA:73,7
DA:77,10
BRDA:77,8,0,9
BRDA:77,8,1,10
DA:78,9
DA:81,18
FN:85,StakingConfig.changeModificationCooldown
FNDA:47,StakingConfig.changeModificationCooldown
DA:87,47
BRDA:87,9,0,21
BRDA:87,9,1,22
DA:89,22
BRDA:89,10,0,21
BRDA:89,10,1,22
DA:90,21
DA:94,25
BRDA:94,11,0,24
BRDA:94,11,1,25
DA:95,24
DA:98,47
FNF:4
FNH:4
LF:24
LH:24
BRF:24
BRH:24
end_of_record
TN:
SF:src/staking/StakingRewards.sol
FN:57,StakingRewards._increaseUserShare
FNDA:734,StakingRewards._increaseUserShare
DA:59,734
BRDA:59,0,0,3
BRDA:59,0,1,731
DA:60,731
BRDA:60,1,0,1
BRDA:60,1,1,730
DA:62,730
DA:64,730
BRDA:64,2,0,-
BRDA:64,2,1,476
DA:65,528
BRDA:65,3,0,-
BRDA:65,3,1,476
DA:67,478
BRDA:67,4,0,2
BRDA:67,4,1,476
DA:70,476
DA:73,728
DA:78,728
BRDA:78,5,0,210
BRDA:78,5,1,728
DA:81,210
DA:83,210
DA:84,210
DA:88,728
DA:89,728
DA:91,728
FN:97,StakingRewards._decreaseUserShare
FNDA:134,StakingRewards._decreaseUserShare
DA:99,134
BRDA:99,6,0,-
BRDA:99,6,1,134
DA:101,134
DA:102,134
BRDA:102,7,0,-
BRDA:102,7,1,134
DA:104,134
BRDA:104,8,0,-
BRDA:104,8,1,65
DA:105,77
BRDA:105,9,0,-
BRDA:105,9,1,65
DA:107,67
BRDA:107,10,0,2
BRDA:107,10,1,65
DA:110,65
DA:114,132
DA:118,132
DA:121,132
DA:122,132
DA:125,132
DA:126,132
DA:128,132
DA:132,132
BRDA:132,11,0,6
BRDA:132,11,1,132
DA:133,6
DA:136,132
BRDA:136,12,0,6
BRDA:136,12,1,132
DA:137,6
DA:139,132
FN:147,StakingRewards.claimAllRewards
FNDA:39,StakingRewards.claimAllRewards
DA:149,39
DA:151,39
DA:152,39
DA:154,71
DA:156,71
DA:159,71
DA:161,71
DA:164,39
BRDA:164,13,0,28
BRDA:164,13,1,39
DA:167,28
DA:169,28
FN:182,StakingRewards.addSALTRewards
FNDA:97,StakingRewards.addSALTRewards
DA:184,97
DA:185,97
DA:187,660
DA:189,660
DA:190,660
BRDA:190,14,0,-
BRDA:190,14,1,660
DA:192,660
DA:194,660
DA:195,660
DA:197,660
DA:201,97
BRDA:201,15,0,97
BRDA:201,15,1,97
DA:204,97
FN:212,StakingRewards.totalSharesForPools
FNDA:24,StakingRewards.totalSharesForPools
DA:214,24
DA:216,24
DA:217,24
FN:222,StakingRewards.totalRewardsForPools
FNDA:33,StakingRewards.totalRewardsForPools
DA:224,33
DA:226,33
DA:227,87
FN:232,StakingRewards.userRewardForPool
FNDA:135,StakingRewards.userRewardForPool
DA:235,206
BRDA:235,16,0,25
BRDA:235,16,1,181
DA:236,25
DA:238,181
DA:239,181
BRDA:239,17,0,28
BRDA:239,17,1,153
DA:240,28
DA:243,153
DA:248,153
BRDA:248,18,0,-
BRDA:248,18,1,153
DA:249,0
DA:251,153
FN:256,StakingRewards.userRewardsForPools
FNDA:0,StakingRewards.userRewardsForPools
DA:258,0
DA:260,0
DA:261,0
FN:266,StakingRewards.userShareForPool
FNDA:669,StakingRewards.userShareForPool
DA:268,1343
FN:273,StakingRewards.userShareForPools
FNDA:0,StakingRewards.userShareForPools
DA:275,0
DA:277,0
DA:278,0
FN:283,StakingRewards.userVirtualRewardsForPool
FNDA:0,StakingRewards.userVirtualRewardsForPool
DA:285,0
FN:290,StakingRewards.userCooldowns
FNDA:0,StakingRewards.userCooldowns
DA:292,0
DA:294,0
DA:296,0
DA:298,0
DA:300,0
BRDA:300,19,0,-
BRDA:300,19,1,-
DA:301,0
DA:303,0
FNF:12
FNH:8
LF:85
LH:70
BRF:40
BRH:30
end_of_record
